Running in Lattice mode


Starting:    C:\lscc\iCEcube2.2020.12\synpbase\bin64\mbin\synbatch.exe
Install:     C:\lscc\iCEcube2.2020.12\synpbase
Hostname:    LAPTOP-1N0B9GGD
Date:        Tue Jun 18 02:01:23 2024
Version:     L-2016.09L+ice40

Arguments:   -product synplify_pro -batch switch_led_syn.prj
ProductType: synplify_pro





log file: "D:\lattice_fpga_practice\ch4\switch_led\switch_led_Implmnt\switch_led.srr"
Running: switch_led_Implmnt in foreground

Running switch_led_syn|switch_led_Implmnt

Running: compile (Compile) on switch_led_syn|switch_led_Implmnt
# Tue Jun 18 02:01:23 2024

Running: compile_flow (Compile Process) on switch_led_syn|switch_led_Implmnt
# Tue Jun 18 02:01:23 2024

Running: compiler (Compile Input) on switch_led_syn|switch_led_Implmnt
# Tue Jun 18 02:01:23 2024
Copied D:\lattice_fpga_practice\ch4\switch_led\switch_led_Implmnt\synwork\switch_led_comp.srs to D:\lattice_fpga_practice\ch4\switch_led\switch_led_Implmnt\switch_led.srs

compiler completed
# Tue Jun 18 02:01:25 2024

Return Code: 0
Run Time:00h:00m:02s

Running: multi_srs_gen (Multi-srs Generator) on switch_led_syn|switch_led_Implmnt
# Tue Jun 18 02:01:25 2024

multi_srs_gen completed
# Tue Jun 18 02:01:25 2024

Return Code: 0
Run Time:00h:00m:00s
Copied D:\lattice_fpga_practice\ch4\switch_led\switch_led_Implmnt\synwork\switch_led_mult.srs to D:\lattice_fpga_practice\ch4\switch_led\switch_led_Implmnt\switch_led.srs
Complete: Compile Process on switch_led_syn|switch_led_Implmnt

Running: premap (Pre-mapping) on switch_led_syn|switch_led_Implmnt
# Tue Jun 18 02:01:25 2024

premap completed
# Tue Jun 18 02:01:26 2024

Return Code: 0
Run Time:00h:00m:01s
Complete: Compile on switch_led_syn|switch_led_Implmnt

Running: map (Map) on switch_led_syn|switch_led_Implmnt
# Tue Jun 18 02:01:26 2024
License granted for 4 parallel jobs

Running: fpga_mapper (Map & Optimize) on switch_led_syn|switch_led_Implmnt
# Tue Jun 18 02:01:26 2024
Copied D:\lattice_fpga_practice\ch4\switch_led\switch_led_Implmnt\synwork\switch_led_m.srm to D:\lattice_fpga_practice\ch4\switch_led\switch_led_Implmnt\switch_led.srm

fpga_mapper completed with warnings
# Tue Jun 18 02:01:27 2024

Return Code: 1
Run Time:00h:00m:01s
Complete: Map on switch_led_syn|switch_led_Implmnt
Complete: Logic Synthesis on switch_led_syn|switch_led_Implmnt

exit status=0

exit status=0

